<?xml version="1.0" encoding="UTF-8"?>
<testsuite name="com.researchspace.repository.spi.LicenseConfigInfoTest" tests="3" skipped="0" failures="0" errors="0" timestamp="2017-07-28T09:43:57" hostname="richard-Skylake-Platform" time="0.007">
  <properties/>
  <testcase name="testLicenseConfigInfoThrowsIAEIfConfigInvalid" classname="com.researchspace.repository.spi.LicenseConfigInfoTest" time="0.004"/>
  <testcase name="testLicenseConfigInfoAllowDefaultThrowsIAEIfConfigInvalid" classname="com.researchspace.repository.spi.LicenseConfigInfoTest" time="0.001"/>
  <testcase name="testLicenseConfigOKWIthNullList" classname="com.researchspace.repository.spi.LicenseConfigInfoTest" time="0.001"/>
  <system-out><![CDATA[]]></system-out>
  <system-err><![CDATA[]]></system-err>
</testsuite>
