<?xml version="1.0" encoding="UTF-8"?>
<testsuite name="com.researchspace.repository.spi.properties.BooleanRepoPropertyTest" tests="1" skipped="0" failures="0" errors="0" timestamp="2017-07-27T13:31:08" hostname="richard-Skylake-Platform" time="0.017">
  <properties/>
  <testcase name="testToJson" classname="com.researchspace.repository.spi.properties.BooleanRepoPropertyTest" time="0.017"/>
  <system-out><![CDATA[]]></system-out>
  <system-err><![CDATA[]]></system-err>
</testsuite>
