<?xml version="1.0" encoding="UTF-8"?>
<testsuite name="com.researchspace.repository.spi.TestRepoConfigurerTest" tests="2" skipped="0" failures="0" errors="0" timestamp="2017-07-28T09:43:57" hostname="richard-Skylake-Platform" time="0.013">
  <properties/>
  <testcase name="propertyTypes" classname="com.researchspace.repository.spi.TestRepoConfigurerTest" time="0.0"/>
  <testcase name="testGetOtherProperties" classname="com.researchspace.repository.spi.TestRepoConfigurerTest" time="0.013"/>
  <system-out><![CDATA[]]></system-out>
  <system-err><![CDATA[]]></system-err>
</testsuite>
