<?xml version="1.0" encoding="UTF-8"?>
<testsuite name="com.researchspace.repository.spi.LicenseConfigInfoTest" tests="3" skipped="0" failures="0" errors="0" timestamp="2017-07-27T13:31:08" hostname="richard-Skylake-Platform" time="0.005">
  <properties/>
  <testcase name="testLicenseConfigInfoThrowsIAEIfConfigInvalid" classname="com.researchspace.repository.spi.LicenseConfigInfoTest" time="0.004"/>
  <testcase name="testLicenseConfigInfoAllowDefaultThrowsIAEIfConfigInvalid" classname="com.researchspace.repository.spi.LicenseConfigInfoTest" time="0.001"/>
  <testcase name="testLicenseConfigOKWIthNullList" classname="com.researchspace.repository.spi.LicenseConfigInfoTest" time="0.0"/>
  <system-out><![CDATA[]]></system-out>
  <system-err><![CDATA[]]></system-err>
</testsuite>
